Determining if the pthread_create exist failed with the following output:
Change Dir: /home/st/catkin_ws/src/quick_changing_eef/build/CMakeFiles/CMakeTmp

Run Build Command:"/usr/bin/make" "cmTC_6b713/fast"
/usr/bin/make -f CMakeFiles/cmTC_6b713.dir/build.make CMakeFiles/cmTC_6b713.dir/build
make[1]: Entering directory '/home/st/catkin_ws/src/quick_changing_eef/build/CMakeFiles/CMakeTmp'
Building C object CMakeFiles/cmTC_6b713.dir/CheckSymbolExists.c.o
/usr/bin/gcc-5     -o CMakeFiles/cmTC_6b713.dir/CheckSymbolExists.c.o   -c /home/st/catkin_ws/src/quick_changing_eef/build/CMakeFiles/CMakeTmp/CheckSymbolExists.c
Linking C executable cmTC_6b713
/usr/bin/cmake -E cmake_link_script CMakeFiles/cmTC_6b713.dir/link.txt --verbose=1
/usr/bin/gcc-5       CMakeFiles/cmTC_6b713.dir/CheckSymbolExists.c.o  -o cmTC_6b713 -rdynamic 
CMakeFiles/cmTC_6b713.dir/CheckSymbolExists.c.o：在函数‘main’中：
CheckSymbolExists.c:(.text+0x16)：对‘pthread_create’未定义的引用
collect2: error: ld returned 1 exit status
CMakeFiles/cmTC_6b713.dir/build.make:97: recipe for target 'cmTC_6b713' failed
make[1]: *** [cmTC_6b713] Error 1
make[1]: Leaving directory '/home/st/catkin_ws/src/quick_changing_eef/build/CMakeFiles/CMakeTmp'
Makefile:126: recipe for target 'cmTC_6b713/fast' failed
make: *** [cmTC_6b713/fast] Error 2

File /home/st/catkin_ws/src/quick_changing_eef/build/CMakeFiles/CMakeTmp/CheckSymbolExists.c:
/* */
#include <pthread.h>

int main(int argc, char** argv)
{
  (void)argv;
#ifndef pthread_create
  return ((int*)(&pthread_create))[argc];
#else
  (void)argc;
  return 0;
#endif
}

Determining if the function pthread_create exists in the pthreads failed with the following output:
Change Dir: /home/st/catkin_ws/src/quick_changing_eef/build/CMakeFiles/CMakeTmp

Run Build Command:"/usr/bin/make" "cmTC_96c49/fast"
/usr/bin/make -f CMakeFiles/cmTC_96c49.dir/build.make CMakeFiles/cmTC_96c49.dir/build
make[1]: Entering directory '/home/st/catkin_ws/src/quick_changing_eef/build/CMakeFiles/CMakeTmp'
Building C object CMakeFiles/cmTC_96c49.dir/CheckFunctionExists.c.o
/usr/bin/gcc-5    -DCHECK_FUNCTION_EXISTS=pthread_create   -o CMakeFiles/cmTC_96c49.dir/CheckFunctionExists.c.o   -c /usr/share/cmake-3.5/Modules/CheckFunctionExists.c
Linking C executable cmTC_96c49
/usr/bin/cmake -E cmake_link_script CMakeFiles/cmTC_96c49.dir/link.txt --verbose=1
/usr/bin/gcc-5   -DCHECK_FUNCTION_EXISTS=pthread_create    CMakeFiles/cmTC_96c49.dir/CheckFunctionExists.c.o  -o cmTC_96c49 -rdynamic -lpthreads 
/usr/bin/ld: 找不到 -lpthreads
collect2: error: ld returned 1 exit status
CMakeFiles/cmTC_96c49.dir/build.make:97: recipe for target 'cmTC_96c49' failed
make[1]: *** [cmTC_96c49] Error 1
make[1]: Leaving directory '/home/st/catkin_ws/src/quick_changing_eef/build/CMakeFiles/CMakeTmp'
Makefile:126: recipe for target 'cmTC_96c49/fast' failed
make: *** [cmTC_96c49/fast] Error 2


